<?xml version="1.0" encoding="UTF-8"?>
<testsuites name="Mocha Tests" time="17.873" tests="1" failures="0">
  <testsuite name="Root Suite" timestamp="2025-09-22T13:03:28" tests="0" file="cypress\e2e\signup\signup.feature" time="0.000" failures="0">
  </testsuite>
  <testsuite name="Kayıt ve çıkış" timestamp="2025-09-22T13:03:28" tests="1" time="17.869" failures="0">
    <testcase name="Kayıt ve çıkış Rastgele e-posta ile yeni kullanıcı kaydı ve logout" time="17.808" classname="Rastgele e-posta ile yeni kullanıcı kaydı ve logout">
    </testcase>
  </testsuite>
</testsuites>